<?xml version="1.0" encoding="utf-8"?><testsuites name="pytest tests"><testsuite name="pytest" errors="0" failures="0" skipped="0" tests="31" time="9.433" timestamp="2026-06-10T10:45:07.843614+00:00" hostname="agent-env-6ba1df18-7205-4eff-9db1-be0d52e3e759"><testcase classname="backend.tests.backend_test.TestAuth" name="test_login_all_demo_accounts[admin]" time="0.338" /><testcase classname="backend.tests.backend_test.TestAuth" name="test_login_all_demo_accounts[manager]" time="0.322" /><testcase classname="backend.tests.backend_test.TestAuth" name="test_login_all_demo_accounts[receptionist]" time="0.323" /><testcase classname="backend.tests.backend_test.TestAuth" name="test_login_all_demo_accounts[therapist]" time="0.321" /><testcase classname="backend.tests.backend_test.TestAuth" name="test_login_all_demo_accounts[patient]" time="0.319" /><testcase classname="backend.tests.backend_test.TestAuth" name="test_login_invalid" time="0.317" /><testcase classname="backend.tests.backend_test.TestAuth" name="test_me_returns_user" time="0.369" /><testcase classname="backend.tests.backend_test.TestAuth" name="test_logout_clears_cookie" time="0.467" /><testcase classname="backend.tests.backend_test.TestAuth" name="test_register_creates_patient" time="0.324" /><testcase classname="backend.tests.backend_test.TestRBAC" name="test_patient_cannot_list_all_users" time="0.453" /><testcase classname="backend.tests.backend_test.TestRBAC" name="test_patient_cannot_access_system_health" time="0.052" /><testcase classname="backend.tests.backend_test.TestRBAC" name="test_receptionist_cannot_delete_user" time="0.704" /><testcase classname="backend.tests.backend_test.TestRBAC" name="test_patient_can_list_therapists" time="0.042" /><testcase classname="backend.tests.backend_test.TestAppointments" name="test_patient_create_own_appointment" time="0.091" /><testcase classname="backend.tests.backend_test.TestAppointments" name="test_patient_list_only_own_appointments" time="0.050" /><testcase classname="backend.tests.backend_test.TestAppointments" name="test_therapist_list_only_own" time="0.494" /><testcase classname="backend.tests.backend_test.TestAppointments" name="test_complete_appointment_auto_creates_invoice" time="0.248" /><testcase classname="backend.tests.backend_test.TestAppointments" name="test_patient_cannot_mark_completed" time="0.258" /><testcase classname="backend.tests.backend_test.TestAppointments" name="test_delete_cancels_appointment" time="0.082" /><testcase classname="backend.tests.backend_test.TestTreatmentRecords" name="test_therapist_create_record_completes_appointment" time="0.281" /><testcase classname="backend.tests.backend_test.TestTreatmentRecords" name="test_patient_lists_own_records" time="0.044" /><testcase classname="backend.tests.backend_test.TestInvoices" name="test_patient_invoice_list_scoped" time="0.044" /><testcase classname="backend.tests.backend_test.TestInvoices" name="test_get_invoice_enriched" time="0.099" /><testcase classname="backend.tests.backend_test.TestStripe" name="test_create_checkout_session" time="0.468" /><testcase classname="backend.tests.backend_test.TestStripe" name="test_payment_status" time="0.239" /><testcase classname="backend.tests.backend_test.TestAdmin" name="test_admin_create_update_delete_user" time="0.456" /><testcase classname="backend.tests.backend_test.TestAdmin" name="test_system_health" time="0.049" /><testcase classname="backend.tests.backend_test.TestAdmin" name="test_activity_logs" time="0.049" /><testcase classname="backend.tests.backend_test.TestReports" name="test_manager_summary" time="0.386" /><testcase classname="backend.tests.backend_test.TestReports" name="test_patient_cannot_access_reports" time="0.049" /><testcase classname="backend.tests.test_stripe_e2e" name="test_stripe_e2e_checkout_session" time="1.617" /></testsuite></testsuites>